This file contains any messages produced by compilers while
running configure, to aid debugging if configure makes a mistake.

It was created by libnfc configure 1.7.1, which was
generated by GNU Autoconf 2.69.  Invocation command line was

  $ ./configure --with-drivers=acr122_usb --sysconfdir=/etc --prefix=/usr

## --------- ##
## Platform. ##
## --------- ##

hostname = raspberrypi
uname -m = armv7l
uname -r = 4.4.50-v7+
uname -s = Linux
uname -v = #970 SMP Mon Feb 20 19:18:29 GMT 2017

/usr/bin/uname -p = unknown
/bin/uname -X     = unknown

/bin/arch              = unknown
/usr/bin/arch -k       = unknown
/usr/convex/getsysinfo = unknown
/usr/bin/hostinfo      = unknown
/bin/machine           = unknown
/usr/bin/oslevel       = unknown
/bin/universe          = unknown

PATH: /usr/local/sbin
PATH: /usr/local/bin
PATH: /usr/sbin
PATH: /usr/bin
PATH: /sbin
PATH: /bin


## ----------- ##
## Core tests. ##
## ----------- ##

configure:2545: checking for a BSD-compatible install
configure:2613: result: /usr/bin/install -c
configure:2624: checking whether build environment is sane
configure:2679: result: yes
configure:2830: checking for a thread-safe mkdir -p
configure:2869: result: /bin/mkdir -p
configure:2876: checking for gawk
configure:2906: result: no
configure:2876: checking for mawk
configure:2892: found /usr/bin/mawk
configure:2903: result: mawk
configure:2914: checking whether make sets $(MAKE)
configure:2936: result: yes
configure:2965: checking whether make supports nested variables
configure:2982: result: yes
configure:3120: checking for style of include used by make
configure:3148: result: GNU
configure:3219: checking for gcc
configure:3235: found /usr/bin/gcc
configure:3246: result: gcc
configure:3475: checking for C compiler version
configure:3484: gcc --version >&5
gcc (Raspbian 4.9.2-10) 4.9.2
Copyright (C) 2014 Free Software Foundation, Inc.
This is free software; see the source for copying conditions.  There is NO
warranty; not even for MERCHANTABILITY or FITNESS FOR A PARTICULAR PURPOSE.

configure:3495: $? = 0
configure:3484: gcc -v >&5
Using built-in specs.
COLLECT_GCC=gcc
COLLECT_LTO_WRAPPER=/usr/lib/gcc/arm-linux-gnueabihf/4.9/lto-wrapper
Target: arm-linux-gnueabihf
Configured with: ../src/configure -v --with-pkgversion='Raspbian 4.9.2-10' --with-bugurl=file:///usr/share/doc/gcc-4.9/README.Bugs --enable-languages=c,c++,java,go,d,fortran,objc,obj-c++ --prefix=/usr --program-suffix=-4.9 --enable-shared --enable-linker-build-id --libexecdir=/usr/lib --without-included-gettext --enable-threads=posix --with-gxx-include-dir=/usr/include/c++/4.9 --libdir=/usr/lib --enable-nls --with-sysroot=/ --enable-clocale=gnu --enable-libstdcxx-debug --enable-libstdcxx-time=yes --enable-gnu-unique-object --disable-libitm --disable-libquadmath --enable-plugin --with-system-zlib --disable-browser-plugin --enable-java-awt=gtk --enable-gtk-cairo --with-java-home=/usr/lib/jvm/java-1.5.0-gcj-4.9-armhf/jre --enable-java-home --with-jvm-root-dir=/usr/lib/jvm/java-1.5.0-gcj-4.9-armhf --with-jvm-jar-dir=/usr/lib/jvm-exports/java-1.5.0-gcj-4.9-armhf --with-arch-directory=arm --with-ecj-jar=/usr/share/java/eclipse-ecj.jar --enable-objc-gc --enable-multiarch --disable-sjlj-exceptions --with-arch=armv6 --with-fpu=vfp --with-float=hard --enable-checking=release --build=arm-linux-gnueabihf --host=arm-linux-gnueabihf --target=arm-linux-gnueabihf
Thread model: posix
gcc version 4.9.2 (Raspbian 4.9.2-10) 
configure:3495: $? = 0
configure:3484: gcc -V >&5
gcc: error: unrecognized command line option '-V'
gcc: fatal error: no input files
compilation terminated.
configure:3495: $? = 4
configure:3484: gcc -qversion >&5
gcc: error: unrecognized command line option '-qversion'
gcc: fatal error: no input files
compilation terminated.
configure:3495: $? = 4
configure:3515: checking whether the C compiler works
configure:3537: gcc    conftest.c  >&5
configure:3541: $? = 0
configure:3589: result: yes
configure:3592: checking for C compiler default output file name
configure:3594: result: a.out
configure:3600: checking for suffix of executables
configure:3607: gcc -o conftest    conftest.c  >&5
configure:3611: $? = 0
configure:3633: result: 
configure:3655: checking whether we are cross compiling
configure:3663: gcc -o conftest    conftest.c  >&5
configure:3667: $? = 0
configure:3674: ./conftest
configure:3678: $? = 0
configure:3693: result: no
configure:3698: checking for suffix of object files
configure:3720: gcc -c   conftest.c >&5
configure:3724: $? = 0
configure:3745: result: o
configure:3749: checking whether we are using the GNU C compiler
configure:3768: gcc -c   conftest.c >&5
configure:3768: $? = 0
configure:3777: result: yes
configure:3786: checking whether gcc accepts -g
configure:3806: gcc -c -g  conftest.c >&5
configure:3806: $? = 0
configure:3847: result: yes
configure:3864: checking for gcc option to accept ISO C89
configure:3927: gcc  -c -g -O2  conftest.c >&5
configure:3927: $? = 0
configure:3940: result: none needed
configure:3965: checking whether gcc understands -c and -o together
configure:3987: gcc -c conftest.c -o conftest2.o
configure:3990: $? = 0
configure:3987: gcc -c conftest.c -o conftest2.o
configure:3990: $? = 0
configure:4002: result: yes
configure:4021: checking dependency style of gcc
configure:4132: result: gcc3
configure:4197: checking for ar
configure:4213: found /usr/bin/ar
configure:4224: result: ar
configure:4250: checking the archiver (ar) interface
configure:4266: gcc -c -g -O2  conftest.c >&5
configure:4266: $? = 0
configure:4268: ar cru libconftest.a conftest.o >&5
configure:4271: $? = 0
configure:4299: result: ar
configure:4331: checking whether make supports nested variables
configure:4348: result: yes
configure:4414: checking for gcc
configure:4441: result: gcc
configure:4670: checking for C compiler version
configure:4679: gcc --version >&5
gcc (Raspbian 4.9.2-10) 4.9.2
Copyright (C) 2014 Free Software Foundation, Inc.
This is free software; see the source for copying conditions.  There is NO
warranty; not even for MERCHANTABILITY or FITNESS FOR A PARTICULAR PURPOSE.

configure:4690: $? = 0
configure:4679: gcc -v >&5
Using built-in specs.
COLLECT_GCC=gcc
COLLECT_LTO_WRAPPER=/usr/lib/gcc/arm-linux-gnueabihf/4.9/lto-wrapper
Target: arm-linux-gnueabihf
Configured with: ../src/configure -v --with-pkgversion='Raspbian 4.9.2-10' --with-bugurl=file:///usr/share/doc/gcc-4.9/README.Bugs --enable-languages=c,c++,java,go,d,fortran,objc,obj-c++ --prefix=/usr --program-suffix=-4.9 --enable-shared --enable-linker-build-id --libexecdir=/usr/lib --without-included-gettext --enable-threads=posix --with-gxx-include-dir=/usr/include/c++/4.9 --libdir=/usr/lib --enable-nls --with-sysroot=/ --enable-clocale=gnu --enable-libstdcxx-debug --enable-libstdcxx-time=yes --enable-gnu-unique-object --disable-libitm --disable-libquadmath --enable-plugin --with-system-zlib --disable-browser-plugin --enable-java-awt=gtk --enable-gtk-cairo --with-java-home=/usr/lib/jvm/java-1.5.0-gcj-4.9-armhf/jre --enable-java-home --with-jvm-root-dir=/usr/lib/jvm/java-1.5.0-gcj-4.9-armhf --with-jvm-jar-dir=/usr/lib/jvm-exports/java-1.5.0-gcj-4.9-armhf --with-arch-directory=arm --with-ecj-jar=/usr/share/java/eclipse-ecj.jar --enable-objc-gc --enable-multiarch --disable-sjlj-exceptions --with-arch=armv6 --with-fpu=vfp --with-float=hard --enable-checking=release --build=arm-linux-gnueabihf --host=arm-linux-gnueabihf --target=arm-linux-gnueabihf
Thread model: posix
gcc version 4.9.2 (Raspbian 4.9.2-10) 
configure:4690: $? = 0
configure:4679: gcc -V >&5
gcc: error: unrecognized command line option '-V'
gcc: fatal error: no input files
compilation terminated.
configure:4690: $? = 4
configure:4679: gcc -qversion >&5
gcc: error: unrecognized command line option '-qversion'
gcc: fatal error: no input files
compilation terminated.
configure:4690: $? = 4
configure:4694: checking whether we are using the GNU C compiler
configure:4722: result: yes
configure:4731: checking whether gcc accepts -g
configure:4792: result: yes
configure:4809: checking for gcc option to accept ISO C89
configure:4885: result: none needed
configure:4910: checking whether gcc understands -c and -o together
configure:4947: result: yes
configure:4966: checking dependency style of gcc
configure:5077: result: gcc3
configure:5092: checking whether make sets $(MAKE)
configure:5114: result: yes
configure:5155: checking build system type
configure:5169: result: armv7l-unknown-linux-gnueabihf
configure:5189: checking host system type
configure:5202: result: armv7l-unknown-linux-gnueabihf
configure:5243: checking how to print strings
configure:5270: result: printf
configure:5291: checking for a sed that does not truncate output
configure:5355: result: /bin/sed
configure:5373: checking for grep that handles long lines and -e
configure:5431: result: /bin/grep
configure:5436: checking for egrep
configure:5498: result: /bin/grep -E
configure:5503: checking for fgrep
configure:5565: result: /bin/grep -F
configure:5600: checking for ld used by gcc
configure:5667: result: /usr/bin/ld
configure:5674: checking if the linker (/usr/bin/ld) is GNU ld
configure:5689: result: yes
configure:5701: checking for BSD- or MS-compatible name lister (nm)
configure:5750: result: /usr/bin/nm -B
configure:5880: checking the name lister (/usr/bin/nm -B) interface
configure:5887: gcc -c -g -O2  conftest.c >&5
configure:5890: /usr/bin/nm -B "conftest.o"
configure:5893: output
00000000 B some_variable
configure:5900: result: BSD nm
configure:5903: checking whether ln -s works
configure:5907: result: yes
configure:5915: checking the maximum length of command line arguments
configure:6046: result: 1572864
configure:6063: checking whether the shell understands some XSI constructs
configure:6073: result: yes
configure:6077: checking whether the shell understands "+="
configure:6083: result: yes
configure:6118: checking how to convert armv7l-unknown-linux-gnueabihf file names to armv7l-unknown-linux-gnueabihf format
configure:6158: result: func_convert_file_noop
configure:6165: checking how to convert armv7l-unknown-linux-gnueabihf file names to toolchain format
configure:6185: result: func_convert_file_noop
configure:6192: checking for /usr/bin/ld option to reload object files
configure:6199: result: -r
configure:6273: checking for objdump
configure:6289: found /usr/bin/objdump
configure:6300: result: objdump
configure:6332: checking how to recognize dependent libraries
configure:6530: result: pass_all
configure:6615: checking for dlltool
configure:6645: result: no
configure:6675: checking how to associate runtime and link libraries
configure:6702: result: printf %s\n
configure:6826: checking for archiver @FILE support
configure:6843: gcc -c -g -O2  conftest.c >&5
configure:6843: $? = 0
configure:6846: ar cru libconftest.a @conftest.lst >&5
configure:6849: $? = 0
configure:6854: ar cru libconftest.a @conftest.lst >&5
ar: conftest.o: No such file or directory
configure:6857: $? = 1
configure:6869: result: @
configure:6927: checking for strip
configure:6943: found /usr/bin/strip
configure:6954: result: strip
configure:7026: checking for ranlib
configure:7042: found /usr/bin/ranlib
configure:7053: result: ranlib
configure:7155: checking command to parse /usr/bin/nm -B output from gcc object
configure:7275: gcc -c -g -O2  conftest.c >&5
configure:7278: $? = 0
configure:7282: /usr/bin/nm -B conftest.o \| sed -n -e 's/^.*[ ]\([ABCDGIRSTW][ABCDGIRSTW]*\)[ ][ ]*\([_A-Za-z][_A-Za-z0-9]*\)$/\1 \2 \2/p' | sed '/ __gnu_lto/d' \> conftest.nm
configure:7285: $? = 0
configure:7351: gcc -o conftest -g -O2   conftest.c conftstm.o >&5
configure:7354: $? = 0
configure:7392: result: ok
configure:7429: checking for sysroot
configure:7459: result: no
configure:7728: checking for mt
configure:7744: found /bin/mt
configure:7755: result: mt
configure:7778: checking if mt is a manifest tool
configure:7784: mt '-?'
configure:7792: result: no
configure:8434: checking how to run the C preprocessor
configure:8465: gcc -E  conftest.c
configure:8465: $? = 0
configure:8479: gcc -E  conftest.c
conftest.c:12:28: fatal error: ac_nonexistent.h: No such file or directory
 #include <ac_nonexistent.h>
                            ^
compilation terminated.
configure:8479: $? = 1
configure: failed program was:
| /* confdefs.h */
| #define PACKAGE_NAME "libnfc"
| #define PACKAGE_TARNAME "libnfc"
| #define PACKAGE_VERSION "1.7.1"
| #define PACKAGE_STRING "libnfc 1.7.1"
| #define PACKAGE_BUGREPORT "nfc-tools@googlegroups.com"
| #define PACKAGE_URL ""
| #define GIT_REVISION "libnfc-1.7.1-223-gf8b2852"
| #define PACKAGE "libnfc"
| #define VERSION "1.7.1"
| /* end confdefs.h.  */
| #include <ac_nonexistent.h>
configure:8504: result: gcc -E
configure:8524: gcc -E  conftest.c
configure:8524: $? = 0
configure:8538: gcc -E  conftest.c
conftest.c:12:28: fatal error: ac_nonexistent.h: No such file or directory
 #include <ac_nonexistent.h>
                            ^
compilation terminated.
configure:8538: $? = 1
configure: failed program was:
| /* confdefs.h */
| #define PACKAGE_NAME "libnfc"
| #define PACKAGE_TARNAME "libnfc"
| #define PACKAGE_VERSION "1.7.1"
| #define PACKAGE_STRING "libnfc 1.7.1"
| #define PACKAGE_BUGREPORT "nfc-tools@googlegroups.com"
| #define PACKAGE_URL ""
| #define GIT_REVISION "libnfc-1.7.1-223-gf8b2852"
| #define PACKAGE "libnfc"
| #define VERSION "1.7.1"
| /* end confdefs.h.  */
| #include <ac_nonexistent.h>
configure:8567: checking for ANSI C header files
configure:8587: gcc -c -g -O2  conftest.c >&5
configure:8587: $? = 0
configure:8660: gcc -o conftest -g -O2   conftest.c  >&5
configure:8660: $? = 0
configure:8660: ./conftest
configure:8660: $? = 0
configure:8671: result: yes
configure:8684: checking for sys/types.h
configure:8684: gcc -c -g -O2  conftest.c >&5
configure:8684: $? = 0
configure:8684: result: yes
configure:8684: checking for sys/stat.h
configure:8684: gcc -c -g -O2  conftest.c >&5
configure:8684: $? = 0
configure:8684: result: yes
configure:8684: checking for stdlib.h
configure:8684: gcc -c -g -O2  conftest.c >&5
configure:8684: $? = 0
configure:8684: result: yes
configure:8684: checking for string.h
configure:8684: gcc -c -g -O2  conftest.c >&5
configure:8684: $? = 0
configure:8684: result: yes
configure:8684: checking for memory.h
configure:8684: gcc -c -g -O2  conftest.c >&5
configure:8684: $? = 0
configure:8684: result: yes
configure:8684: checking for strings.h
configure:8684: gcc -c -g -O2  conftest.c >&5
configure:8684: $? = 0
configure:8684: result: yes
configure:8684: checking for inttypes.h
configure:8684: gcc -c -g -O2  conftest.c >&5
configure:8684: $? = 0
configure:8684: result: yes
configure:8684: checking for stdint.h
configure:8684: gcc -c -g -O2  conftest.c >&5
configure:8684: $? = 0
configure:8684: result: yes
configure:8684: checking for unistd.h
configure:8684: gcc -c -g -O2  conftest.c >&5
configure:8684: $? = 0
configure:8684: result: yes
configure:8698: checking for dlfcn.h
configure:8698: gcc -c -g -O2  conftest.c >&5
configure:8698: $? = 0
configure:8698: result: yes
configure:8904: checking for objdir
configure:8919: result: .libs
configure:9190: checking if gcc supports -fno-rtti -fno-exceptions
configure:9208: gcc -c -g -O2  -fno-rtti -fno-exceptions conftest.c >&5
cc1: warning: command line option '-fno-rtti' is valid for C++/ObjC++ but not for C
configure:9212: $? = 0
configure:9225: result: no
configure:9552: checking for gcc option to produce PIC
configure:9559: result: -fPIC -DPIC
configure:9567: checking if gcc PIC flag -fPIC -DPIC works
configure:9585: gcc -c -g -O2  -fPIC -DPIC -DPIC conftest.c >&5
configure:9589: $? = 0
configure:9602: result: yes
configure:9631: checking if gcc static flag -static works
configure:9659: result: yes
configure:9674: checking if gcc supports -c -o file.o
configure:9695: gcc -c -g -O2  -o out/conftest2.o conftest.c >&5
configure:9699: $? = 0
configure:9721: result: yes
configure:9729: checking if gcc supports -c -o file.o
configure:9776: result: yes
configure:9809: checking whether the gcc linker (/usr/bin/ld) supports shared libraries
configure:10966: result: yes
configure:11003: checking whether -lc should be explicitly linked in
configure:11011: gcc -c -g -O2  conftest.c >&5
configure:11014: $? = 0
configure:11029: gcc -shared  -fPIC -DPIC conftest.o  -v -Wl,-soname -Wl,conftest -o conftest 2\>\&1 \| /bin/grep  -lc  \>/dev/null 2\>\&1
configure:11032: $? = 0
configure:11046: result: no
configure:11206: checking dynamic linker characteristics
configure:11706: gcc -o conftest -g -O2   -Wl,-rpath -Wl,/foo conftest.c  >&5
configure:11706: $? = 0
configure:11940: result: GNU/Linux ld.so
configure:12047: checking how to hardcode library paths into programs
configure:12072: result: immediate
configure:12612: checking whether stripping libraries is possible
configure:12617: result: yes
configure:12652: checking if libtool supports shared libraries
configure:12654: result: yes
configure:12657: checking whether to build shared libraries
configure:12678: result: yes
configure:12681: checking whether to build static libraries
configure:12685: result: yes
configure:12799: checking for pkg-config
configure:12817: found /usr/bin/pkg-config
configure:12829: result: /usr/bin/pkg-config
configure:12854: checking pkg-config is at least version 0.9.0
configure:12857: result: yes
configure:12867: checking for ANSI C header files
configure:12971: result: yes
configure:12979: checking for stdbool.h that conforms to C99
configure:13046: gcc -c -g -O2  conftest.c >&5
configure:13046: $? = 0
configure:13053: result: yes
configure:13055: checking for _Bool
configure:13055: gcc -c -g -O2  conftest.c >&5
configure:13055: $? = 0
configure:13055: gcc -c -g -O2  conftest.c >&5
conftest.c: In function 'main':
conftest.c:61:20: error: expected expression before ')' token
 if (sizeof ((_Bool)))
                    ^
configure:13055: $? = 1
configure: failed program was:
| /* confdefs.h */
| #define PACKAGE_NAME "libnfc"
| #define PACKAGE_TARNAME "libnfc"
| #define PACKAGE_VERSION "1.7.1"
| #define PACKAGE_STRING "libnfc 1.7.1"
| #define PACKAGE_BUGREPORT "nfc-tools@googlegroups.com"
| #define PACKAGE_URL ""
| #define GIT_REVISION "libnfc-1.7.1-223-gf8b2852"
| #define PACKAGE "libnfc"
| #define VERSION "1.7.1"
| #define STDC_HEADERS 1
| #define HAVE_SYS_TYPES_H 1
| #define HAVE_SYS_STAT_H 1
| #define HAVE_STDLIB_H 1
| #define HAVE_STRING_H 1
| #define HAVE_MEMORY_H 1
| #define HAVE_STRINGS_H 1
| #define HAVE_INTTYPES_H 1
| #define HAVE_STDINT_H 1
| #define HAVE_UNISTD_H 1
| #define HAVE_DLFCN_H 1
| #define LT_OBJDIR ".libs/"
| #define STDC_HEADERS 1
| /* end confdefs.h.  */
| #include <stdio.h>
| #ifdef HAVE_SYS_TYPES_H
| # include <sys/types.h>
| #endif
| #ifdef HAVE_SYS_STAT_H
| # include <sys/stat.h>
| #endif
| #ifdef STDC_HEADERS
| # include <stdlib.h>
| # include <stddef.h>
| #else
| # ifdef HAVE_STDLIB_H
| #  include <stdlib.h>
| # endif
| #endif
| #ifdef HAVE_STRING_H
| # if !defined STDC_HEADERS && defined HAVE_MEMORY_H
| #  include <memory.h>
| # endif
| # include <string.h>
| #endif
| #ifdef HAVE_STRINGS_H
| # include <strings.h>
| #endif
| #ifdef HAVE_INTTYPES_H
| # include <inttypes.h>
| #endif
| #ifdef HAVE_STDINT_H
| # include <stdint.h>
| #endif
| #ifdef HAVE_UNISTD_H
| # include <unistd.h>
| #endif
| int
| main ()
| {
| if (sizeof ((_Bool)))
| 	    return 0;
|   ;
|   return 0;
| }
configure:13055: result: yes
configure:13075: checking fcntl.h usability
configure:13075: gcc -c -g -O2  conftest.c >&5
configure:13075: $? = 0
configure:13075: result: yes
configure:13075: checking fcntl.h presence
configure:13075: gcc -E  conftest.c
configure:13075: $? = 0
configure:13075: result: yes
configure:13075: checking for fcntl.h
configure:13075: result: yes
configure:13075: checking limits.h usability
configure:13075: gcc -c -g -O2  conftest.c >&5
configure:13075: $? = 0
configure:13075: result: yes
configure:13075: checking limits.h presence
configure:13075: gcc -E  conftest.c
configure:13075: $? = 0
configure:13075: result: yes
configure:13075: checking for limits.h
configure:13075: result: yes
configure:13075: checking stdio.h usability
configure:13075: gcc -c -g -O2  conftest.c >&5
configure:13075: $? = 0
configure:13075: result: yes
configure:13075: checking stdio.h presence
configure:13075: gcc -E  conftest.c
configure:13075: $? = 0
configure:13075: result: yes
configure:13075: checking for stdio.h
configure:13075: result: yes
configure:13075: checking for stdlib.h
configure:13075: result: yes
configure:13075: checking for stdint.h
configure:13075: result: yes
configure:13075: checking stddef.h usability
configure:13075: gcc -c -g -O2  conftest.c >&5
configure:13075: $? = 0
configure:13075: result: yes
configure:13075: checking stddef.h presence
configure:13075: gcc -E  conftest.c
configure:13075: $? = 0
configure:13075: result: yes
configure:13075: checking for stddef.h
configure:13075: result: yes
configure:13075: checking for stdbool.h
configure:13075: result: yes
configure:13075: checking sys/ioctl.h usability
configure:13075: gcc -c -g -O2  conftest.c >&5
configure:13075: $? = 0
configure:13075: result: yes
configure:13075: checking sys/ioctl.h presence
configure:13075: gcc -E  conftest.c
configure:13075: $? = 0
configure:13075: result: yes
configure:13075: checking for sys/ioctl.h
configure:13075: result: yes
configure:13075: checking sys/param.h usability
configure:13075: gcc -c -g -O2  conftest.c >&5
configure:13075: $? = 0
configure:13075: result: yes
configure:13075: checking sys/param.h presence
configure:13075: gcc -E  conftest.c
configure:13075: $? = 0
configure:13075: result: yes
configure:13075: checking for sys/param.h
configure:13075: result: yes
configure:13075: checking sys/time.h usability
configure:13075: gcc -c -g -O2  conftest.c >&5
configure:13075: $? = 0
configure:13075: result: yes
configure:13075: checking sys/time.h presence
configure:13075: gcc -E  conftest.c
configure:13075: $? = 0
configure:13075: result: yes
configure:13075: checking for sys/time.h
configure:13075: result: yes
configure:13075: checking termios.h usability
configure:13075: gcc -c -g -O2  conftest.c >&5
configure:13075: $? = 0
configure:13075: result: yes
configure:13075: checking termios.h presence
configure:13075: gcc -E  conftest.c
configure:13075: $? = 0
configure:13075: result: yes
configure:13075: checking for termios.h
configure:13075: result: yes
configure:13087: checking linux/spi/spidev.h usability
configure:13087: gcc -c -g -O2  conftest.c >&5
configure:13087: $? = 0
configure:13087: result: yes
configure:13087: checking linux/spi/spidev.h presence
configure:13087: gcc -E  conftest.c
configure:13087: $? = 0
configure:13087: result: yes
configure:13087: checking for linux/spi/spidev.h
configure:13087: result: yes
configure:13099: checking linux/i2c-dev.h usability
configure:13099: gcc -c -g -O2  conftest.c >&5
configure:13099: $? = 0
configure:13099: result: yes
configure:13099: checking linux/i2c-dev.h presence
configure:13099: gcc -E  conftest.c
configure:13099: $? = 0
configure:13099: result: yes
configure:13099: checking for linux/i2c-dev.h
configure:13099: result: yes
configure:13112: checking for memmove
configure:13112: gcc -o conftest -g -O2   conftest.c  >&5
conftest.c:63:6: warning: conflicting types for built-in function 'memmove'
 char memmove ();
      ^
configure:13112: $? = 0
configure:13112: result: yes
configure:13112: checking for memset
configure:13112: gcc -o conftest -g -O2   conftest.c  >&5
conftest.c:65:6: warning: conflicting types for built-in function 'memset'
 char memset ();
      ^
configure:13112: $? = 0
configure:13112: result: yes
configure:13112: checking for select
configure:13112: gcc -o conftest -g -O2   conftest.c  >&5
configure:13112: $? = 0
configure:13112: result: yes
configure:13112: checking for strdup
configure:13112: gcc -o conftest -g -O2   conftest.c  >&5
conftest.c:69:6: warning: conflicting types for built-in function 'strdup'
 char strdup ();
      ^
configure:13112: $? = 0
configure:13112: result: yes
configure:13112: checking for strerror
configure:13112: gcc -o conftest -g -O2   conftest.c  >&5
configure:13112: $? = 0
configure:13112: result: yes
configure:13112: checking for strstr
configure:13112: gcc -o conftest -g -O2   conftest.c  >&5
conftest.c:73:6: warning: conflicting types for built-in function 'strstr'
 char strstr ();
      ^
configure:13112: $? = 0
configure:13112: result: yes
configure:13112: checking for strtol
configure:13112: gcc -o conftest -g -O2   conftest.c  >&5
configure:13112: $? = 0
configure:13112: result: yes
configure:13112: checking for usleep
configure:13112: gcc -o conftest -g -O2   conftest.c  >&5
configure:13112: $? = 0
configure:13112: result: yes
configure:13135: checking for size_t
configure:13135: gcc -c -g -O2  conftest.c >&5
configure:13135: $? = 0
configure:13135: gcc -c -g -O2  conftest.c >&5
conftest.c: In function 'main':
conftest.c:94:21: error: expected expression before ')' token
 if (sizeof ((size_t)))
                     ^
configure:13135: $? = 1
configure: failed program was:
| /* confdefs.h */
| #define PACKAGE_NAME "libnfc"
| #define PACKAGE_TARNAME "libnfc"
| #define PACKAGE_VERSION "1.7.1"
| #define PACKAGE_STRING "libnfc 1.7.1"
| #define PACKAGE_BUGREPORT "nfc-tools@googlegroups.com"
| #define PACKAGE_URL ""
| #define GIT_REVISION "libnfc-1.7.1-223-gf8b2852"
| #define PACKAGE "libnfc"
| #define VERSION "1.7.1"
| #define STDC_HEADERS 1
| #define HAVE_SYS_TYPES_H 1
| #define HAVE_SYS_STAT_H 1
| #define HAVE_STDLIB_H 1
| #define HAVE_STRING_H 1
| #define HAVE_MEMORY_H 1
| #define HAVE_STRINGS_H 1
| #define HAVE_INTTYPES_H 1
| #define HAVE_STDINT_H 1
| #define HAVE_UNISTD_H 1
| #define HAVE_DLFCN_H 1
| #define LT_OBJDIR ".libs/"
| #define STDC_HEADERS 1
| #define HAVE__BOOL 1
| #define HAVE_STDBOOL_H 1
| #define HAVE_FCNTL_H 1
| #define HAVE_LIMITS_H 1
| #define HAVE_STDIO_H 1
| #define HAVE_STDLIB_H 1
| #define HAVE_STDINT_H 1
| #define HAVE_STDDEF_H 1
| #define HAVE_STDBOOL_H 1
| #define HAVE_SYS_IOCTL_H 1
| #define HAVE_SYS_PARAM_H 1
| #define HAVE_SYS_TIME_H 1
| #define HAVE_TERMIOS_H 1
| #define HAVE_LINUX_SPI_SPIDEV_H 1
| #define HAVE_LINUX_I2C_DEV_H 1
| #define HAVE_MEMMOVE 1
| #define _XOPEN_SOURCE 600
| #define HAVE_MEMSET 1
| #define _XOPEN_SOURCE 600
| #define HAVE_SELECT 1
| #define _XOPEN_SOURCE 600
| #define HAVE_STRDUP 1
| #define _XOPEN_SOURCE 600
| #define HAVE_STRERROR 1
| #define _XOPEN_SOURCE 600
| #define HAVE_STRSTR 1
| #define _XOPEN_SOURCE 600
| #define HAVE_STRTOL 1
| #define _XOPEN_SOURCE 600
| #define HAVE_USLEEP 1
| #define _XOPEN_SOURCE 600
| #define _NETBSD_SOURCE 1
| #define _DARWIN_C_SOURCE 1
| /* end confdefs.h.  */
| #include <stdio.h>
| #ifdef HAVE_SYS_TYPES_H
| # include <sys/types.h>
| #endif
| #ifdef HAVE_SYS_STAT_H
| # include <sys/stat.h>
| #endif
| #ifdef STDC_HEADERS
| # include <stdlib.h>
| # include <stddef.h>
| #else
| # ifdef HAVE_STDLIB_H
| #  include <stdlib.h>
| # endif
| #endif
| #ifdef HAVE_STRING_H
| # if !defined STDC_HEADERS && defined HAVE_MEMORY_H
| #  include <memory.h>
| # endif
| # include <string.h>
| #endif
| #ifdef HAVE_STRINGS_H
| # include <strings.h>
| #endif
| #ifdef HAVE_INTTYPES_H
| # include <inttypes.h>
| #endif
| #ifdef HAVE_STDINT_H
| # include <stdint.h>
| #endif
| #ifdef HAVE_UNISTD_H
| # include <unistd.h>
| #endif
| int
| main ()
| {
| if (sizeof ((size_t)))
| 	    return 0;
|   ;
|   return 0;
| }
configure:13135: result: yes
configure:13146: checking for uint8_t
configure:13146: gcc -c -g -O2  conftest.c >&5
configure:13146: $? = 0
configure:13146: result: yes
configure:13160: checking for uint16_t
configure:13160: gcc -c -g -O2  conftest.c >&5
configure:13160: $? = 0
configure:13160: result: yes
configure:13172: checking for uint32_t
configure:13172: gcc -c -g -O2  conftest.c >&5
configure:13172: $? = 0
configure:13172: result: yes
configure:13186: checking for uint64_t
configure:13186: gcc -c -g -O2  conftest.c >&5
configure:13186: $? = 0
configure:13186: result: yes
configure:13200: checking for int16_t
configure:13200: gcc -c -g -O2  conftest.c >&5
configure:13200: $? = 0
configure:13200: gcc -c -g -O2  conftest.c >&5
conftest.c: In function 'main':
conftest.c:95:12: error: size of array 'test_array' is negative
 static int test_array [1 - 2 * !((int16_t) (((((int16_t) 1 << N) << N) - 1) * 2 + 1)
            ^
configure:13200: $? = 1
configure: failed program was:
| /* confdefs.h */
| #define PACKAGE_NAME "libnfc"
| #define PACKAGE_TARNAME "libnfc"
| #define PACKAGE_VERSION "1.7.1"
| #define PACKAGE_STRING "libnfc 1.7.1"
| #define PACKAGE_BUGREPORT "nfc-tools@googlegroups.com"
| #define PACKAGE_URL ""
| #define GIT_REVISION "libnfc-1.7.1-223-gf8b2852"
| #define PACKAGE "libnfc"
| #define VERSION "1.7.1"
| #define STDC_HEADERS 1
| #define HAVE_SYS_TYPES_H 1
| #define HAVE_SYS_STAT_H 1
| #define HAVE_STDLIB_H 1
| #define HAVE_STRING_H 1
| #define HAVE_MEMORY_H 1
| #define HAVE_STRINGS_H 1
| #define HAVE_INTTYPES_H 1
| #define HAVE_STDINT_H 1
| #define HAVE_UNISTD_H 1
| #define HAVE_DLFCN_H 1
| #define LT_OBJDIR ".libs/"
| #define STDC_HEADERS 1
| #define HAVE__BOOL 1
| #define HAVE_STDBOOL_H 1
| #define HAVE_FCNTL_H 1
| #define HAVE_LIMITS_H 1
| #define HAVE_STDIO_H 1
| #define HAVE_STDLIB_H 1
| #define HAVE_STDINT_H 1
| #define HAVE_STDDEF_H 1
| #define HAVE_STDBOOL_H 1
| #define HAVE_SYS_IOCTL_H 1
| #define HAVE_SYS_PARAM_H 1
| #define HAVE_SYS_TIME_H 1
| #define HAVE_TERMIOS_H 1
| #define HAVE_LINUX_SPI_SPIDEV_H 1
| #define HAVE_LINUX_I2C_DEV_H 1
| #define HAVE_MEMMOVE 1
| #define _XOPEN_SOURCE 600
| #define HAVE_MEMSET 1
| #define _XOPEN_SOURCE 600
| #define HAVE_SELECT 1
| #define _XOPEN_SOURCE 600
| #define HAVE_STRDUP 1
| #define _XOPEN_SOURCE 600
| #define HAVE_STRERROR 1
| #define _XOPEN_SOURCE 600
| #define HAVE_STRSTR 1
| #define _XOPEN_SOURCE 600
| #define HAVE_STRTOL 1
| #define _XOPEN_SOURCE 600
| #define HAVE_USLEEP 1
| #define _XOPEN_SOURCE 600
| #define _NETBSD_SOURCE 1
| #define _DARWIN_C_SOURCE 1
| /* end confdefs.h.  */
| #include <stdio.h>
| #ifdef HAVE_SYS_TYPES_H
| # include <sys/types.h>
| #endif
| #ifdef HAVE_SYS_STAT_H
| # include <sys/stat.h>
| #endif
| #ifdef STDC_HEADERS
| # include <stdlib.h>
| # include <stddef.h>
| #else
| # ifdef HAVE_STDLIB_H
| #  include <stdlib.h>
| # endif
| #endif
| #ifdef HAVE_STRING_H
| # if !defined STDC_HEADERS && defined HAVE_MEMORY_H
| #  include <memory.h>
| # endif
| # include <string.h>
| #endif
| #ifdef HAVE_STRINGS_H
| # include <strings.h>
| #endif
| #ifdef HAVE_INTTYPES_H
| # include <inttypes.h>
| #endif
| #ifdef HAVE_STDINT_H
| # include <stdint.h>
| #endif
| #ifdef HAVE_UNISTD_H
| # include <unistd.h>
| #endif
| 	        enum { N = 16 / 2 - 1 };
| int
| main ()
| {
| static int test_array [1 - 2 * !((int16_t) (((((int16_t) 1 << N) << N) - 1) * 2 + 1)
| 		 < (int16_t) (((((int16_t) 1 << N) << N) - 1) * 2 + 2))];
| test_array [0] = 0;
| return test_array [0];
| 
|   ;
|   return 0;
| }
configure:13200: result: yes
configure:13211: checking for int32_t
configure:13211: gcc -c -g -O2  conftest.c >&5
configure:13211: $? = 0
configure:13211: gcc -c -g -O2  conftest.c >&5
conftest.c: In function 'main':
conftest.c:96:53: warning: integer overflow in expression [-Woverflow]
    < (int32_t) (((((int32_t) 1 << N) << N) - 1) * 2 + 2))];
                                                     ^
conftest.c:95:12: error: storage size of 'test_array' isn't constant
 static int test_array [1 - 2 * !((int32_t) (((((int32_t) 1 << N) << N) - 1) * 2 + 1)
            ^
configure:13211: $? = 1
configure: failed program was:
| /* confdefs.h */
| #define PACKAGE_NAME "libnfc"
| #define PACKAGE_TARNAME "libnfc"
| #define PACKAGE_VERSION "1.7.1"
| #define PACKAGE_STRING "libnfc 1.7.1"
| #define PACKAGE_BUGREPORT "nfc-tools@googlegroups.com"
| #define PACKAGE_URL ""
| #define GIT_REVISION "libnfc-1.7.1-223-gf8b2852"
| #define PACKAGE "libnfc"
| #define VERSION "1.7.1"
| #define STDC_HEADERS 1
| #define HAVE_SYS_TYPES_H 1
| #define HAVE_SYS_STAT_H 1
| #define HAVE_STDLIB_H 1
| #define HAVE_STRING_H 1
| #define HAVE_MEMORY_H 1
| #define HAVE_STRINGS_H 1
| #define HAVE_INTTYPES_H 1
| #define HAVE_STDINT_H 1
| #define HAVE_UNISTD_H 1
| #define HAVE_DLFCN_H 1
| #define LT_OBJDIR ".libs/"
| #define STDC_HEADERS 1
| #define HAVE__BOOL 1
| #define HAVE_STDBOOL_H 1
| #define HAVE_FCNTL_H 1
| #define HAVE_LIMITS_H 1
| #define HAVE_STDIO_H 1
| #define HAVE_STDLIB_H 1
| #define HAVE_STDINT_H 1
| #define HAVE_STDDEF_H 1
| #define HAVE_STDBOOL_H 1
| #define HAVE_SYS_IOCTL_H 1
| #define HAVE_SYS_PARAM_H 1
| #define HAVE_SYS_TIME_H 1
| #define HAVE_TERMIOS_H 1
| #define HAVE_LINUX_SPI_SPIDEV_H 1
| #define HAVE_LINUX_I2C_DEV_H 1
| #define HAVE_MEMMOVE 1
| #define _XOPEN_SOURCE 600
| #define HAVE_MEMSET 1
| #define _XOPEN_SOURCE 600
| #define HAVE_SELECT 1
| #define _XOPEN_SOURCE 600
| #define HAVE_STRDUP 1
| #define _XOPEN_SOURCE 600
| #define HAVE_STRERROR 1
| #define _XOPEN_SOURCE 600
| #define HAVE_STRSTR 1
| #define _XOPEN_SOURCE 600
| #define HAVE_STRTOL 1
| #define _XOPEN_SOURCE 600
| #define HAVE_USLEEP 1
| #define _XOPEN_SOURCE 600
| #define _NETBSD_SOURCE 1
| #define _DARWIN_C_SOURCE 1
| /* end confdefs.h.  */
| #include <stdio.h>
| #ifdef HAVE_SYS_TYPES_H
| # include <sys/types.h>
| #endif
| #ifdef HAVE_SYS_STAT_H
| # include <sys/stat.h>
| #endif
| #ifdef STDC_HEADERS
| # include <stdlib.h>
| # include <stddef.h>
| #else
| # ifdef HAVE_STDLIB_H
| #  include <stdlib.h>
| # endif
| #endif
| #ifdef HAVE_STRING_H
| # if !defined STDC_HEADERS && defined HAVE_MEMORY_H
| #  include <memory.h>
| # endif
| # include <string.h>
| #endif
| #ifdef HAVE_STRINGS_H
| # include <strings.h>
| #endif
| #ifdef HAVE_INTTYPES_H
| # include <inttypes.h>
| #endif
| #ifdef HAVE_STDINT_H
| # include <stdint.h>
| #endif
| #ifdef HAVE_UNISTD_H
| # include <unistd.h>
| #endif
| 	        enum { N = 32 / 2 - 1 };
| int
| main ()
| {
| static int test_array [1 - 2 * !((int32_t) (((((int32_t) 1 << N) << N) - 1) * 2 + 1)
| 		 < (int32_t) (((((int32_t) 1 << N) << N) - 1) * 2 + 2))];
| test_array [0] = 0;
| return test_array [0];
| 
|   ;
|   return 0;
| }
configure:13211: result: yes
configure:13222: checking for off_t
configure:13222: gcc -c -g -O2  conftest.c >&5
configure:13222: $? = 0
configure:13222: gcc -c -g -O2  conftest.c >&5
conftest.c: In function 'main':
conftest.c:94:20: error: expected expression before ')' token
 if (sizeof ((off_t)))
                    ^
configure:13222: $? = 1
configure: failed program was:
| /* confdefs.h */
| #define PACKAGE_NAME "libnfc"
| #define PACKAGE_TARNAME "libnfc"
| #define PACKAGE_VERSION "1.7.1"
| #define PACKAGE_STRING "libnfc 1.7.1"
| #define PACKAGE_BUGREPORT "nfc-tools@googlegroups.com"
| #define PACKAGE_URL ""
| #define GIT_REVISION "libnfc-1.7.1-223-gf8b2852"
| #define PACKAGE "libnfc"
| #define VERSION "1.7.1"
| #define STDC_HEADERS 1
| #define HAVE_SYS_TYPES_H 1
| #define HAVE_SYS_STAT_H 1
| #define HAVE_STDLIB_H 1
| #define HAVE_STRING_H 1
| #define HAVE_MEMORY_H 1
| #define HAVE_STRINGS_H 1
| #define HAVE_INTTYPES_H 1
| #define HAVE_STDINT_H 1
| #define HAVE_UNISTD_H 1
| #define HAVE_DLFCN_H 1
| #define LT_OBJDIR ".libs/"
| #define STDC_HEADERS 1
| #define HAVE__BOOL 1
| #define HAVE_STDBOOL_H 1
| #define HAVE_FCNTL_H 1
| #define HAVE_LIMITS_H 1
| #define HAVE_STDIO_H 1
| #define HAVE_STDLIB_H 1
| #define HAVE_STDINT_H 1
| #define HAVE_STDDEF_H 1
| #define HAVE_STDBOOL_H 1
| #define HAVE_SYS_IOCTL_H 1
| #define HAVE_SYS_PARAM_H 1
| #define HAVE_SYS_TIME_H 1
| #define HAVE_TERMIOS_H 1
| #define HAVE_LINUX_SPI_SPIDEV_H 1
| #define HAVE_LINUX_I2C_DEV_H 1
| #define HAVE_MEMMOVE 1
| #define _XOPEN_SOURCE 600
| #define HAVE_MEMSET 1
| #define _XOPEN_SOURCE 600
| #define HAVE_SELECT 1
| #define _XOPEN_SOURCE 600
| #define HAVE_STRDUP 1
| #define _XOPEN_SOURCE 600
| #define HAVE_STRERROR 1
| #define _XOPEN_SOURCE 600
| #define HAVE_STRSTR 1
| #define _XOPEN_SOURCE 600
| #define HAVE_STRTOL 1
| #define _XOPEN_SOURCE 600
| #define HAVE_USLEEP 1
| #define _XOPEN_SOURCE 600
| #define _NETBSD_SOURCE 1
| #define _DARWIN_C_SOURCE 1
| /* end confdefs.h.  */
| #include <stdio.h>
| #ifdef HAVE_SYS_TYPES_H
| # include <sys/types.h>
| #endif
| #ifdef HAVE_SYS_STAT_H
| # include <sys/stat.h>
| #endif
| #ifdef STDC_HEADERS
| # include <stdlib.h>
| # include <stddef.h>
| #else
| # ifdef HAVE_STDLIB_H
| #  include <stdlib.h>
| # endif
| #endif
| #ifdef HAVE_STRING_H
| # if !defined STDC_HEADERS && defined HAVE_MEMORY_H
| #  include <memory.h>
| # endif
| # include <string.h>
| #endif
| #ifdef HAVE_STRINGS_H
| # include <strings.h>
| #endif
| #ifdef HAVE_INTTYPES_H
| # include <inttypes.h>
| #endif
| #ifdef HAVE_STDINT_H
| # include <stdint.h>
| #endif
| #ifdef HAVE_UNISTD_H
| # include <unistd.h>
| #endif
| int
| main ()
| {
| if (sizeof ((off_t)))
| 	    return 0;
|   ;
|   return 0;
| }
configure:13222: result: yes
configure:13245: checking for log flag
configure:13247: result: yes
configure:13273: checking for conffiles flag
configure:13275: result: yes
configure:13301: checking for envvars flag
configure:13303: result: yes
configure:13329: checking for debug flag
configure:13331: result: no
configure:13352: checking which drivers to build
configure:13365: result: acr122_usb
configure:13629: checking for documentation request
configure:13631: result: no
configure:13720: checking for libusb
configure:13727: $PKG_CONFIG --exists --print-errors "libusb"
configure:13730: $? = 0
configure:13744: $PKG_CONFIG --exists --print-errors "libusb"
configure:13747: $? = 0
configure:13785: result: yes
configure:14155: checking for readline.h
configure:14200: result: not found
configure:14326: checking that generated files are newer than configure
configure:14332: result: done
configure:14439: creating ./config.status

## ---------------------- ##
## Running config.status. ##
## ---------------------- ##

This file was extended by libnfc config.status 1.7.1, which was
generated by GNU Autoconf 2.69.  Invocation command line was

  CONFIG_FILES    = 
  CONFIG_HEADERS  = 
  CONFIG_LINKS    = 
  CONFIG_COMMANDS = 
  $ ./config.status 

on raspberrypi

config.status:1195: creating Doxyfile
config.status:1195: creating Makefile
config.status:1195: creating cmake/Makefile
config.status:1195: creating cmake/modules/Makefile
config.status:1195: creating contrib/Makefile
config.status:1195: creating contrib/devd/Makefile
config.status:1195: creating contrib/libnfc/Makefile
config.status:1195: creating contrib/linux/Makefile
config.status:1195: creating contrib/udev/Makefile
config.status:1195: creating contrib/win32/Makefile
config.status:1195: creating contrib/win32/sys/Makefile
config.status:1195: creating contrib/win32/libnfc/Makefile
config.status:1195: creating contrib/win32/libnfc/buses/Makefile
config.status:1195: creating examples/Makefile
config.status:1195: creating examples/pn53x-tamashell-scripts/Makefile
config.status:1195: creating include/Makefile
config.status:1195: creating include/nfc/Makefile
config.status:1195: creating libnfc.pc
config.status:1195: creating libnfc/Makefile
config.status:1195: creating libnfc/buses/Makefile
config.status:1195: creating libnfc/chips/Makefile
config.status:1195: creating libnfc/drivers/Makefile
config.status:1195: creating test/Makefile
config.status:1195: creating utils/Makefile
config.status:1195: creating config.h
config.status:1376: config.h is unchanged
config.status:1424: executing depfiles commands
config.status:1424: executing libtool commands

## ---------------- ##
## Cache variables. ##
## ---------------- ##

ac_cv_build=armv7l-unknown-linux-gnueabihf
ac_cv_c_compiler_gnu=yes
ac_cv_c_int16_t=yes
ac_cv_c_int32_t=yes
ac_cv_c_uint16_t=yes
ac_cv_c_uint32_t=yes
ac_cv_c_uint64_t=yes
ac_cv_c_uint8_t=yes
ac_cv_env_CC_set=
ac_cv_env_CC_value=
ac_cv_env_CFLAGS_set=
ac_cv_env_CFLAGS_value=
ac_cv_env_CPPFLAGS_set=
ac_cv_env_CPPFLAGS_value=
ac_cv_env_CPP_set=
ac_cv_env_CPP_value=
ac_cv_env_LDFLAGS_set=
ac_cv_env_LDFLAGS_value=
ac_cv_env_LIBS_set=
ac_cv_env_LIBS_value=
ac_cv_env_PKG_CONFIG_LIBDIR_set=
ac_cv_env_PKG_CONFIG_LIBDIR_value=
ac_cv_env_PKG_CONFIG_PATH_set=
ac_cv_env_PKG_CONFIG_PATH_value=
ac_cv_env_PKG_CONFIG_set=
ac_cv_env_PKG_CONFIG_value=
ac_cv_env_build_alias_set=
ac_cv_env_build_alias_value=
ac_cv_env_host_alias_set=
ac_cv_env_host_alias_value=
ac_cv_env_libpcsclite_CFLAGS_set=
ac_cv_env_libpcsclite_CFLAGS_value=
ac_cv_env_libpcsclite_LIBS_set=
ac_cv_env_libpcsclite_LIBS_value=
ac_cv_env_libusb_CFLAGS_set=
ac_cv_env_libusb_CFLAGS_value=
ac_cv_env_libusb_LIBS_set=
ac_cv_env_libusb_LIBS_value=
ac_cv_env_target_alias_set=
ac_cv_env_target_alias_value=
ac_cv_func_memmove=yes
ac_cv_func_memset=yes
ac_cv_func_select=yes
ac_cv_func_strdup=yes
ac_cv_func_strerror=yes
ac_cv_func_strstr=yes
ac_cv_func_strtol=yes
ac_cv_func_usleep=yes
ac_cv_header_dlfcn_h=yes
ac_cv_header_fcntl_h=yes
ac_cv_header_inttypes_h=yes
ac_cv_header_limits_h=yes
ac_cv_header_linux_i2c_dev_h=yes
ac_cv_header_linux_spi_spidev_h=yes
ac_cv_header_memory_h=yes
ac_cv_header_stdbool_h=yes
ac_cv_header_stdc=yes
ac_cv_header_stddef_h=yes
ac_cv_header_stdint_h=yes
ac_cv_header_stdio_h=yes
ac_cv_header_stdlib_h=yes
ac_cv_header_string_h=yes
ac_cv_header_strings_h=yes
ac_cv_header_sys_ioctl_h=yes
ac_cv_header_sys_param_h=yes
ac_cv_header_sys_stat_h=yes
ac_cv_header_sys_time_h=yes
ac_cv_header_sys_types_h=yes
ac_cv_header_termios_h=yes
ac_cv_header_unistd_h=yes
ac_cv_host=armv7l-unknown-linux-gnueabihf
ac_cv_objext=o
ac_cv_path_EGREP='/bin/grep -E'
ac_cv_path_FGREP='/bin/grep -F'
ac_cv_path_GREP=/bin/grep
ac_cv_path_SED=/bin/sed
ac_cv_path_ac_pt_PKG_CONFIG=/usr/bin/pkg-config
ac_cv_path_install='/usr/bin/install -c'
ac_cv_path_mkdir=/bin/mkdir
ac_cv_prog_AWK=mawk
ac_cv_prog_CPP='gcc -E'
ac_cv_prog_ac_ct_AR=ar
ac_cv_prog_ac_ct_CC=gcc
ac_cv_prog_ac_ct_MANIFEST_TOOL=mt
ac_cv_prog_ac_ct_OBJDUMP=objdump
ac_cv_prog_ac_ct_RANLIB=ranlib
ac_cv_prog_ac_ct_STRIP=strip
ac_cv_prog_cc_c89=
ac_cv_prog_cc_g=yes
ac_cv_prog_make_make_set=yes
ac_cv_type__Bool=yes
ac_cv_type_off_t=yes
ac_cv_type_size_t=yes
ac_cv_use_cutter=no
am_cv_CC_dependencies_compiler_type=gcc3
am_cv_ar_interface=ar
am_cv_make_support_nested_variables=yes
am_cv_prog_cc_c_o=yes
lt_cv_ar_at_file=@
lt_cv_archive_cmds_need_lc=no
lt_cv_deplibs_check_method=pass_all
lt_cv_file_magic_cmd='$MAGIC_CMD'
lt_cv_file_magic_test_file=
lt_cv_ld_reload_flag=-r
lt_cv_nm_interface='BSD nm'
lt_cv_objdir=.libs
lt_cv_path_LD=/usr/bin/ld
lt_cv_path_NM='/usr/bin/nm -B'
lt_cv_path_mainfest_tool=no
lt_cv_prog_compiler_c_o=yes
lt_cv_prog_compiler_pic='-fPIC -DPIC'
lt_cv_prog_compiler_pic_works=yes
lt_cv_prog_compiler_rtti_exceptions=no
lt_cv_prog_compiler_static_works=yes
lt_cv_prog_gnu_ld=yes
lt_cv_sharedlib_from_linklib_cmd='printf %s\n'
lt_cv_shlibpath_overrides_runpath=no
lt_cv_sys_global_symbol_pipe='sed -n -e '\''s/^.*[	 ]\([ABCDGIRSTW][ABCDGIRSTW]*\)[	 ][	 ]*\([_A-Za-z][_A-Za-z0-9]*\)$/\1 \2 \2/p'\'' | sed '\''/ __gnu_lto/d'\'''
lt_cv_sys_global_symbol_to_c_name_address='sed -n -e '\''s/^: \([^ ]*\)[ ]*$/  {\"\1\", (void *) 0},/p'\'' -e '\''s/^[ABCDGIRSTW]* \([^ ]*\) \([^ ]*\)$/  {"\2", (void *) \&\2},/p'\'''
lt_cv_sys_global_symbol_to_c_name_address_lib_prefix='sed -n -e '\''s/^: \([^ ]*\)[ ]*$/  {\"\1\", (void *) 0},/p'\'' -e '\''s/^[ABCDGIRSTW]* \([^ ]*\) \(lib[^ ]*\)$/  {"\2", (void *) \&\2},/p'\'' -e '\''s/^[ABCDGIRSTW]* \([^ ]*\) \([^ ]*\)$/  {"lib\2", (void *) \&\2},/p'\'''
lt_cv_sys_global_symbol_to_cdecl='sed -n -e '\''s/^T .* \(.*\)$/extern int \1();/p'\'' -e '\''s/^[ABCDGIRSTW]* .* \(.*\)$/extern char \1;/p'\'''
lt_cv_sys_max_cmd_len=1572864
lt_cv_to_host_file_cmd=func_convert_file_noop
lt_cv_to_tool_file_cmd=func_convert_file_noop
pkg_cv_libusb_CFLAGS=
pkg_cv_libusb_LIBS='-lusb '

## ----------------- ##
## Output variables. ##
## ----------------- ##

ACLOCAL='${SHELL} /home/pi/Desktop/libnfc/missing aclocal-1.14'
AMDEPBACKSLASH='\'
AMDEP_FALSE='#'
AMDEP_TRUE=''
AMTAR='$${TAR-tar}'
AM_BACKSLASH='\'
AM_DEFAULT_V='$(AM_DEFAULT_VERBOSITY)'
AM_DEFAULT_VERBOSITY='0'
AM_V='$(V)'
AR='ar'
AUTOCONF='${SHELL} /home/pi/Desktop/libnfc/missing autoconf'
AUTOHEADER='${SHELL} /home/pi/Desktop/libnfc/missing autoheader'
AUTOMAKE='${SHELL} /home/pi/Desktop/libnfc/missing automake-1.14'
AWK='mawk'
CC='gcc'
CCDEPMODE='depmode=gcc3'
CFLAGS='-g -O2 -Wall -pedantic -Wextra -std=c99 -Du_int8_t=uint8_t -Du_int16_t=uint16_t'
CPP='gcc -E'
CPPFLAGS=''
CYGPATH_W='echo'
DEFS='-DHAVE_CONFIG_H'
DEPDIR='.deps'
DLLTOOL='false'
DOC_ENABLED_FALSE=''
DOC_ENABLED_TRUE='#'
DOXYGEN=''
DRIVERS_CFLAGS=' -DDRIVER_ACR122_USB_ENABLED'
DRIVER_ACR122S_ENABLED_FALSE=''
DRIVER_ACR122S_ENABLED_TRUE='#'
DRIVER_ACR122_PCSC_ENABLED_FALSE=''
DRIVER_ACR122_PCSC_ENABLED_TRUE='#'
DRIVER_ACR122_USB_ENABLED_FALSE='#'
DRIVER_ACR122_USB_ENABLED_TRUE=''
DRIVER_ARYGON_ENABLED_FALSE=''
DRIVER_ARYGON_ENABLED_TRUE='#'
DRIVER_PN532_I2C_ENABLED_FALSE=''
DRIVER_PN532_I2C_ENABLED_TRUE='#'
DRIVER_PN532_SPI_ENABLED_FALSE=''
DRIVER_PN532_SPI_ENABLED_TRUE='#'
DRIVER_PN532_UART_ENABLED_FALSE=''
DRIVER_PN532_UART_ENABLED_TRUE='#'
DRIVER_PN53X_USB_ENABLED_FALSE=''
DRIVER_PN53X_USB_ENABLED_TRUE='#'
DSYMUTIL=''
DUMPBIN=''
ECHO_C=''
ECHO_N='-n'
ECHO_T=''
EGREP='/bin/grep -E'
EXEEXT=''
FGREP='/bin/grep -F'
GREP='/bin/grep'
I2C_ENABLED_FALSE=''
I2C_ENABLED_TRUE='#'
INSTALL_DATA='${INSTALL} -m 644'
INSTALL_PROGRAM='${INSTALL}'
INSTALL_SCRIPT='${INSTALL}'
INSTALL_STRIP_PROGRAM='$(install_sh) -c -s'
LD='/usr/bin/ld'
LDFLAGS=''
LIBNFC_CFLAGS='-I$(top_srcdir)/libnfc -I$(top_builddir)/include -I$(top_srcdir)/include'
LIBOBJS=''
LIBS=''
LIBTOOL='$(SHELL) $(top_builddir)/libtool'
LIBUSB_ENABLED_FALSE='#'
LIBUSB_ENABLED_TRUE=''
LIPO=''
LN_S='ln -s'
LTLIBOBJS=''
MAKEINFO='${SHELL} /home/pi/Desktop/libnfc/missing makeinfo'
MANIFEST_TOOL=':'
MKDIR_P='/bin/mkdir -p'
NM='/usr/bin/nm -B'
NMEDIT=''
OBJDUMP='objdump'
OBJEXT='o'
OTOOL64=''
OTOOL=''
PACKAGE='libnfc'
PACKAGE_BUGREPORT='nfc-tools@googlegroups.com'
PACKAGE_NAME='libnfc'
PACKAGE_STRING='libnfc 1.7.1'
PACKAGE_TARNAME='libnfc'
PACKAGE_URL=''
PACKAGE_VERSION='1.7.1'
PATH_SEPARATOR=':'
PCSC_ENABLED_FALSE=''
PCSC_ENABLED_TRUE='#'
PKG_CONFIG='/usr/bin/pkg-config'
PKG_CONFIG_LIBDIR=''
PKG_CONFIG_PATH=''
PKG_CONFIG_REQUIRES=' libusb'
POSIX_ONLY_EXAMPLES_ENABLED_FALSE='#'
POSIX_ONLY_EXAMPLES_ENABLED_TRUE=''
RANLIB='ranlib'
READLINE_INCLUDES=''
READLINE_LIBS=''
SED='/bin/sed'
SET_MAKE=''
SHELL='/bin/bash'
SPI_ENABLED_FALSE=''
SPI_ENABLED_TRUE='#'
STRIP='strip'
UART_ENABLED_FALSE=''
UART_ENABLED_TRUE='#'
VERSION='1.7.1'
WITH_CONFFILES_FALSE='#'
WITH_CONFFILES_TRUE=''
WITH_CUTTER_FALSE=''
WITH_CUTTER_TRUE='#'
WITH_DEBUG_FALSE=''
WITH_DEBUG_TRUE='#'
WITH_ENVVARS_FALSE='#'
WITH_ENVVARS_TRUE=''
WITH_LOG_FALSE='#'
WITH_LOG_TRUE=''
ac_ct_AR='ar'
ac_ct_CC='gcc'
ac_ct_DUMPBIN=''
am__EXEEXT_FALSE=''
am__EXEEXT_TRUE='#'
am__fastdepCC_FALSE='#'
am__fastdepCC_TRUE=''
am__include='include'
am__isrc=''
am__leading_dot='.'
am__nodep='_no'
am__quote=''
am__tar='$${TAR-tar} chof - "$$tardir"'
am__untar='$${TAR-tar} xf -'
bindir='${exec_prefix}/bin'
build='armv7l-unknown-linux-gnueabihf'
build_alias=''
build_cpu='armv7l'
build_os='linux-gnueabihf'
build_vendor='unknown'
datadir='${datarootdir}'
datarootdir='${prefix}/share'
docdir='${datarootdir}/doc/${PACKAGE_TARNAME}'
dvidir='${docdir}'
exec_prefix='${prefix}'
host='armv7l-unknown-linux-gnueabihf'
host_alias=''
host_cpu='armv7l'
host_os='linux-gnueabihf'
host_vendor='unknown'
htmldir='${docdir}'
includedir='${prefix}/include'
infodir='${datarootdir}/info'
install_sh='${SHELL} /home/pi/Desktop/libnfc/install-sh'
libdir='${exec_prefix}/lib'
libexecdir='${exec_prefix}/libexec'
libpcsclite_CFLAGS=''
libpcsclite_LIBS=''
libusb_CFLAGS=''
libusb_CONFIG=''
libusb_LIBS='-lusb '
localedir='${datarootdir}/locale'
localstatedir='${prefix}/var'
mandir='${datarootdir}/man'
mkdir_p='$(MKDIR_P)'
oldincludedir='/usr/include'
pdfdir='${docdir}'
prefix='/usr'
program_transform_name='s,x,x,'
psdir='${docdir}'
sbindir='${exec_prefix}/sbin'
sharedstatedir='${prefix}/com'
sysconfdir='/etc'
target_alias=''

## ----------- ##
## confdefs.h. ##
## ----------- ##

/* confdefs.h */
#define PACKAGE_NAME "libnfc"
#define PACKAGE_TARNAME "libnfc"
#define PACKAGE_VERSION "1.7.1"
#define PACKAGE_STRING "libnfc 1.7.1"
#define PACKAGE_BUGREPORT "nfc-tools@googlegroups.com"
#define PACKAGE_URL ""
#define GIT_REVISION "libnfc-1.7.1-223-gf8b2852"
#define PACKAGE "libnfc"
#define VERSION "1.7.1"
#define STDC_HEADERS 1
#define HAVE_SYS_TYPES_H 1
#define HAVE_SYS_STAT_H 1
#define HAVE_STDLIB_H 1
#define HAVE_STRING_H 1
#define HAVE_MEMORY_H 1
#define HAVE_STRINGS_H 1
#define HAVE_INTTYPES_H 1
#define HAVE_STDINT_H 1
#define HAVE_UNISTD_H 1
#define HAVE_DLFCN_H 1
#define LT_OBJDIR ".libs/"
#define STDC_HEADERS 1
#define HAVE__BOOL 1
#define HAVE_STDBOOL_H 1
#define HAVE_FCNTL_H 1
#define HAVE_LIMITS_H 1
#define HAVE_STDIO_H 1
#define HAVE_STDLIB_H 1
#define HAVE_STDINT_H 1
#define HAVE_STDDEF_H 1
#define HAVE_STDBOOL_H 1
#define HAVE_SYS_IOCTL_H 1
#define HAVE_SYS_PARAM_H 1
#define HAVE_SYS_TIME_H 1
#define HAVE_TERMIOS_H 1
#define HAVE_LINUX_SPI_SPIDEV_H 1
#define HAVE_LINUX_I2C_DEV_H 1
#define HAVE_MEMMOVE 1
#define _XOPEN_SOURCE 600
#define HAVE_MEMSET 1
#define _XOPEN_SOURCE 600
#define HAVE_SELECT 1
#define _XOPEN_SOURCE 600
#define HAVE_STRDUP 1
#define _XOPEN_SOURCE 600
#define HAVE_STRERROR 1
#define _XOPEN_SOURCE 600
#define HAVE_STRSTR 1
#define _XOPEN_SOURCE 600
#define HAVE_STRTOL 1
#define _XOPEN_SOURCE 600
#define HAVE_USLEEP 1
#define _XOPEN_SOURCE 600
#define _NETBSD_SOURCE 1
#define _DARWIN_C_SOURCE 1
#define LOG 1
#define CONFFILES 1
#define ENVVARS 1

configure: exit 0

## ---------------------- ##
## Running config.status. ##
## ---------------------- ##

This file was extended by libnfc config.status 1.7.1, which was
generated by GNU Autoconf 2.69.  Invocation command line was

  CONFIG_FILES    = 
  CONFIG_HEADERS  = 
  CONFIG_LINKS    = 
  CONFIG_COMMANDS = 
  $ ./config.status libnfc.pc

on raspberrypi

config.status:1195: creating libnfc.pc
